build/app/outputs/mapping/release/mapping.txt
# compiler: R8
# compiler_version: 1.5.64
# min_api: 16
# pg_map_id: be8a5f3
com.brandzgarage.charliechang.Application -> com.brandzgarage.charliechang.Application:
    void registerWith(io.flutter.plugin.common.PluginRegistry) -> a
com.brandzgarage.charliechang.FirebaseCloudMessagingPluginRegistrant -> com.brandzgarage.charliechang.a:
    boolean alreadyRegisteredWith(io.flutter.plugin.common.PluginRegistry) -> a
    void registerWith(io.flutter.plugin.common.PluginRegistry) -> b
com.brandzgarage.charliechang.MainActivity -> com.brandzgarage.charliechang.MainActivity:
    void configureFlutterEngine(io.flutter.embedding.engine.FlutterEngine) -> b
...
androidx.appcompat.widget.AppCompatHintHelper -> androidx.appcompat.widget.l:
    android.view.inputmethod.InputConnection onCreateInputConnection(android.view.inputmethod.InputConnection,android.view.inputmethod.EditorInfo,android.view.View) -> a
androidx.appcompat.widget.AppCompatImageButton -> androidx.appcompat.widget.m:
    androidx.appcompat.widget.AppCompatImageHelper mImageHelper -> c
    androidx.appcompat.widget.AppCompatBackgroundHelper mBackgroundTintHelper -> b
androidx.appcompat.widget.AppCompatImageHelper -> androidx.appcompat.widget.n:
    androidx.appcompat.widget.TintInfo mTmpInfo -> d
    android.widget.ImageView mView -> a
    androidx.appcompat.widget.TintInfo mInternalImageTint -> b
    androidx.appcompat.widget.TintInfo mImageTint -> c
    boolean applyFrameworkTintUsingColorFilter(android.graphics.drawable.Drawable) -> a
    void applySupportImageTint() -> a
    void loadFromAttributes(android.util.AttributeSet,int) -> a
    void setImageResource(int) -> a
    void setSupportImageTintList(android.content.res.ColorStateList) -> a
    void setSupportImageTintMode(android.graphics.PorterDuff$Mode) -> a
    android.content.res.ColorStateList getSupportImageTintList() -> b
    android.graphics.PorterDuff$Mode getSupportImageTintMode() -> c
    boolean hasOverlappingRendering() -> d
    boolean shouldApplyFrameworkTintUsingColorFilter() -> e
androidx.appcompat.widget.AppCompatImageView -> androidx.appcompat.widget.o:
    androidx.appcompat.widget.AppCompatImageHelper mImageHelper -> c
    androidx.appcompat.widget.AppCompatBackgroundHelper mBackgroundTintHelper -> b
androidx.appcompat.widget.AppCompatMultiAutoCompleteTextView -> androidx.appcompat.widget.p:
    int[] TINT_ATTRS -> d
    androidx.appcompat.widget.AppCompatBackgroundHelper mBackgroundTintHelper -> b
    androidx.appcompat.widget.AppCompatTextHelper mTextHelper -> c
androidx.appcompat.widget.AppCompatPopupWindow -> androidx.appcompat.widget.q:
    boolean mOverlapAnchor -> a
    boolean COMPAT_OVERLAP_ANCHOR -> b
    void init(android.content.Context,android.util.AttributeSet,int,int) -> a
    void setSupportOverlapAnchor(boolean) -> a
androidx.appcompat.widget.AppCompatProgressBarHelper -> androidx.appcompat.widget.r:
    android.widget.ProgressBar mView -> a
    android.graphics.Bitmap mSampleTile -> b
    int[] TINT_ATTRS -> c
    android.graphics.Bitmap getSampleTile() -> a
    void loadFromAttributes(android.util.AttributeSet,int) -> a
    android.graphics.drawable.Drawable tileify(android.graphics.drawable.Drawable,boolean) -> a
    android.graphics.drawable.Drawable tileifyIndeterminate(android.graphics.drawable.Drawable) -> a
    android.graphics.drawable.shapes.Shape getDrawableShape() -> b
androidx.appcompat.widget.AppCompatRadioButton -> androidx.appcompat.widget.s:
    androidx.appcompat.widget.AppCompatBackgroundHelper mBackgroundTintHelper -> c
    androidx.appcompat.widget.AppCompatTextHelper mTextHelper -> d
    androidx.appcompat.widget.AppCompatCompoundButtonHelper mCompoundButtonHelper -> b
androidx.appcompat.widget.AppCompatRatingBar -> androidx.appcompat.widget.t:
    androidx.appcompat.widget.AppCompatProgressBarHelper mAppCompatProgressBarHelper -> b
androidx.appcompat.widget.AppCompatSeekBar -> androidx.appcompat.widget.u:
    androidx.appcompat.widget.AppCompatSeekBarHelper mAppCompatSeekBarHelper -> b